<?xml version="1.0" encoding="UTF-8"?>
<!-- Generated by org.testng.reporters.JUnitReportReporter -->
<testsuite hostname="chinnu-HP" name="com.suite.regression.Users" tests="5" failures="0" timestamp="3 Aug 2015 08:21:13 GMT" time="107.791" errors="0">
  <testcase name="deleteAllUsers" time="21.153" classname="com.suite.regression.Users"/>
  <testcase name="validateFormFields" time="7.677" classname="com.suite.regression.Users"/>
  <testcase name="deleteUser" time="24.856" classname="com.suite.regression.Users"/>
  <testcase name="cancelCreatingUser" time="9.734" classname="com.suite.regression.Users"/>
  <testcase name="createUser" time="44.371" classname="com.suite.regression.Users"/>
</testsuite> <!-- com.suite.regression.Users -->
