<?xml version="1.0" encoding="UTF-8"?>
<!-- Generated by org.testng.reporters.JUnitReportReporter -->
<testsuite hostname="chinnu-HP" name="com.suite.regression.AppContent" tests="5" failures="0" timestamp="17 Aug 2015 12:20:05 GMT" time="191.096" errors="0">
  <testcase name="uploadFile" time="43.866" classname="com.suite.regression.AppContent"/>
  <testcase name="uploadFile" time="44.285" classname="com.suite.regression.AppContent"/>
  <testcase name="uploadFile" time="64.856" classname="com.suite.regression.AppContent"/>
  <testcase name="deleteFile" time="16.460" classname="com.suite.regression.AppContent"/>
  <testcase name="deleteAllFile" time="21.629" classname="com.suite.regression.AppContent"/>
</testsuite> <!-- com.suite.regression.AppContent -->
