<?xml version="1.0" encoding="UTF-8"?>
<!-- Generated by org.testng.reporters.JUnitReportReporter -->
<testsuite hostname="chinnu-HP" name="com.suite.regression.Users" tests="5" failures="0" timestamp="24 Aug 2015 16:26:04 GMT" time="132.595" errors="0">
  <testcase name="validateFormFields" time="10.332" classname="com.suite.regression.Users"/>
  <testcase name="createUser" time="41.229" classname="com.suite.regression.Users"/>
  <testcase name="deleteUser" time="40.246" classname="com.suite.regression.Users"/>
  <testcase name="cancelCreatingUser" time="11.975" classname="com.suite.regression.Users"/>
  <testcase name="deleteAllUsers" time="28.813" classname="com.suite.regression.Users"/>
</testsuite> <!-- com.suite.regression.Users -->
