<?xml version="1.0" encoding="UTF-8"?>
<!-- Generated by org.testng.reporters.JUnitReportReporter -->
<testsuite hostname="chinnu-HP" name="com.suite.regression.Users" tests="5" failures="0" timestamp="30 Jul 2015 07:02:18 GMT" time="102.080" errors="0">
  <testcase name="cancelCreatingUser" time="7.542" classname="com.suite.regression.Users"/>
  <testcase name="deleteAllUsers" time="24.187" classname="com.suite.regression.Users"/>
  <testcase name="validateFormFields" time="6.384" classname="com.suite.regression.Users"/>
  <testcase name="createUser" time="31.111" classname="com.suite.regression.Users"/>
  <testcase name="deleteUser" time="32.856" classname="com.suite.regression.Users"/>
</testsuite> <!-- com.suite.regression.Users -->
