<?xml version="1.0" encoding="UTF-8"?>
<!-- Generated by org.testng.reporters.JUnitReportReporter -->
<testsuite hostname="chinnu-HP" name="com.suite.smoke.SmokeTestCaseOne" tests="1" failures="0" timestamp="17 Jul 2015 05:18:08 GMT" time="17.113" errors="0">
  <testcase name="userGroup" time="17.113" classname="com.suite.smoke.SmokeTestCaseOne"/>
</testsuite> <!-- com.suite.smoke.SmokeTestCaseOne -->
