<?xml version="1.0" encoding="UTF-8"?>
<!-- Generated by org.testng.reporters.JUnitReportReporter -->
<testsuite hostname="chinnu-HP" name="com.suite.regression.UserGroup" tests="8" failures="0" timestamp="17 Aug 2015 11:45:42 GMT" time="102.272" errors="0">
  <testcase name="addDefaultUser" time="8.224" classname="com.suite.regression.UserGroup"/>
  <testcase name="addUserBySearch" time="20.827" classname="com.suite.regression.UserGroup"/>
  <testcase name="validateFormField" time="7.577" classname="com.suite.regression.UserGroup"/>
  <testcase name="addCustomUser" time="7.342" classname="com.suite.regression.UserGroup"/>
  <testcase name="deleteUserGroup" time="12.794" classname="com.suite.regression.UserGroup"/>
  <testcase name="deleteAllUserGroup" time="17.454" classname="com.suite.regression.UserGroup"/>
  <testcase name="createEmptyUserGroup" time="22.006" classname="com.suite.regression.UserGroup"/>
  <testcase name="cancelCreatingUserGroup" time="6.048" classname="com.suite.regression.UserGroup"/>
</testsuite> <!-- com.suite.regression.UserGroup -->
