<?xml version="1.0" encoding="UTF-8"?>
<!-- Generated by org.testng.reporters.JUnitReportReporter -->
<testsuite hostname="chinnu-HP" name="com.suite.regression.Users" tests="5" failures="0" timestamp="17 Aug 2015 12:20:05 GMT" time="84.697" errors="0">
  <testcase name="validateFormFields" time="5.023" classname="com.suite.regression.Users"/>
  <testcase name="cancelCreatingUser" time="7.488" classname="com.suite.regression.Users"/>
  <testcase name="deleteAllUsers" time="23.208" classname="com.suite.regression.Users"/>
  <testcase name="deleteUser" time="21.033" classname="com.suite.regression.Users"/>
  <testcase name="createUser" time="27.945" classname="com.suite.regression.Users"/>
</testsuite> <!-- com.suite.regression.Users -->
