<?xml version="1.0" encoding="UTF-8"?>
<!-- Generated by org.testng.reporters.JUnitReportReporter -->
<testsuite hostname="chinnu-HP" name="com.suite.regression.Test1" tests="1" failures="1" timestamp="31 Aug 2015 10:12:52 GMT" time="63.193" errors="0">
  <testcase name="openBrowser" time="63.193" classname="com.suite.regression.Test1">
    <failure type="org.openqa.selenium.WebDriverException" message="Failed to connect to binary FirefoxBinary(C:\Program Files (x86)\Mozilla Firefox\firefox.exe) on port 7055; process output follows: 
rue,&quot;size&quot;:3175,&quot;sourceURI&quot;:null,&quot;releaseNotesURI&quot;:null,&quot;softDisabled&quot;:false,&quot;foreignInstall&quot;:false,&quot;hasBinaryComponents&quot;:false,&quot;strictCompatibility&quot;:true,&quot;locales&quot;:[],&quot;targetApplications&quot;:[{&quot;id&quot;:&quot;{ec8030f7-c20a-464f-9b0e-13a3a9e97384}&quot;,&quot;minVersion&quot;:&quot;39.0.3&quot;,&quot;maxVersion&quot;:&quot;39.0.3&quot;}],&quot;targetPlatforms&quot;:[]}
1441015950167	addons.xpi	DEBUG	getModTime: Recursive scan of {972ce4c6-7e08-4474-a285-3208198ce6fd}
1441015950170	addons.xpi	DEBUG	New add-on wrc@avast.com installed in winreg-app-global
1441015950605	addons.xpi	WARN	Disabling foreign installed add-on wrc@avast.com in winreg-app-global
1441015950606	addons.xpi-utils	DEBUG	Make addon winreg-app-global:wrc@avast.com visible
1441015950606	DeferredSave.extensions.json	DEBUG	Save changes
1441015950606	DeferredSave.extensions.json	DEBUG	Save changes
1441015950607	addons.xpi	DEBUG	Updating XPIState for {&quot;id&quot;:&quot;wrc@avast.com&quot;,&quot;syncGUID&quot;:&quot;kTRksgQWRBKh&quot;,&quot;location&quot;:&quot;winreg-app-global&quot;,&quot;version&quot;:&quot;10.2.0.187&quot;,&quot;type&quot;:&quot;extension&quot;,&quot;internalName&quot;:null,&quot;updateURL&quot;:&quot;http://firefoxplugin.ff.avast.com/aos/updates.rdf?id=%ITEM_ID%&amp;status=%ITEM_STATUS%&amp;os=%APP_OS%&quot;,&quot;updateKey&quot;:&quot;MIGfMA0GCSqGSIb3DQEBAQUAA4GNADCBiQKBgQDc6F6CPnst0FEpMpqBguj6WJgVaJXY+5FVWXPVZc2o/tv83KHmeMBjy9z8JCerdDVHCKGOHWRO8XWEpaxhdyfsek3wABigweRHlRFNHZxFhSzqJfIbkNVmfzKF2kPjoi881h0V4EqrnGjSIPjW7E5NPM0UH14hqauQaKH66lK5LQIDAQAB&quot;,&quot;optionsURL&quot;:null,&quot;optionsType&quot;:null,&quot;aboutURL&quot;:null,&quot;iconURL&quot;:&quot;chrome://wrc/content/common/skin/img/icon48.png&quot;,&quot;icon64URL&quot;:&quot;chrome://wrc/content/common/skin/img/icon64.png&quot;,&quot;defaultLocale&quot;:{&quot;name&quot;:&quot;Avast Online Security&quot;,&quot;description&quot;:&quot;Avast Browser Security and Web Reputation Plugin. Offering protection against known phishing and malware sites, improving your browsing overall browsing experience with crowd sourced web reputation rating.&quot;,&quot;creator&quot;:&quot;AVAST Software&quot;,&quot;homepageURL&quot;:&quot;http://www.avast.com/&quot;},&quot;visible&quot;:true,&quot;active&quot;:false,&quot;userDisabled&quot;:true,&quot;appDisabled&quot;:false,&quot;descriptor&quot;:&quot;C:\\Program Files\\Alwil Software\\Avast5\\WebRep\\FF&quot;,&quot;installDate&quot;:1439215646248,&quot;updateDate&quot;:1439215646248,&quot;applyBackgroundUpdates&quot;:1,&quot;bootstrap&quot;:false,&quot;size&quot;:3538251,&quot;sourceURI&quot;:null,&quot;releaseNotesURI&quot;:null,&quot;softDisabled&quot;:false,&quot;foreignInstall&quot;:true,&quot;hasBinaryComponents&quot;:false,&quot;strictCompatibility&quot;:false,&quot;locales&quot;:[],&quot;targetApplications&quot;:[{&quot;id&quot;:&quot;{ec8030f7-c20a-464f-9b0e-13a3a9e97384}&quot;,&quot;minVersion&quot;:&quot;3.0&quot;,&quot;maxVersion&quot;:&quot;25.0&quot;}],&quot;targetPlatforms&quot;:[],&quot;multiprocessCompatible&quot;:false}
1441015950608	addons.xpi	DEBUG	Updating database with changes to installed add-ons
1441015950608	addons.xpi-utils	DEBUG	Updating add-on states
1441015950609	addons.xpi-utils	DEBUG	Writing add-ons list
1441015950665	addons.xpi	DEBUG	Registering manifest for C:\Program Files (x86)\Mozilla Firefox\browser\extensions\{82AF8DCA-6DE9-405D-BD5E-43525BDAD38A}.xpi
1441015950667	addons.xpi	DEBUG	Calling bootstrap method startup on {82AF8DCA-6DE9-405D-BD5E-43525BDAD38A} version 7.3.16540.9015
1441015952570	addons.manager	DEBUG	Registering shutdown blocker for XPIProvider
1441015952570	addons.manager	DEBUG	Provider finished startup: XPIProvider
1441015952570	addons.manager	DEBUG	Starting provider: LightweightThemeManager
1441015952570	addons.manager	DEBUG	Registering shutdown blocker for LightweightThemeManager
1441015952571	addons.manager	DEBUG	Provider finished startup: LightweightThemeManager
1441015952571	addons.manager	DEBUG	Starting provider: GMPProvider
1441015952579	addons.manager	DEBUG	Registering shutdown blocker for GMPProvider
1441015952580	addons.manager	DEBUG	Provider finished startup: GMPProvider
1441015952580	addons.manager	DEBUG	Starting provider: PluginProvider
1441015952580	addons.manager	DEBUG	Registering shutdown blocker for PluginProvider
1441015952581	addons.manager	DEBUG	Provider finished startup: PluginProvider
1441015952581	addons.manager	DEBUG	Completed startup sequence
1441015966923	addons.manager	DEBUG	Starting provider: &lt;unnamed-provider&gt;
1441015966923	addons.manager	DEBUG	Registering shutdown blocker for &lt;unnamed-provider&gt;
1441015966925	addons.manager	DEBUG	Provider finished startup: &lt;unnamed-provider&gt;

Build info: version: &#039;2.45.0&#039;, revision: &#039;32a636c&#039;, time: &#039;2015-03-05 22:01:35&#039;
System info: host: &#039;chinnu-HP&#039;, ip: &#039;192.168.137.201&#039;, os.name: &#039;Windows 7&#039;, os.arch: &#039;amd64&#039;, os.version: &#039;6.1&#039;, java.version: &#039;1.8.0_25&#039;
Driver info: driver.version: FirefoxDriver">
      <![CDATA[org.openqa.selenium.WebDriverException: Failed to connect to binary FirefoxBinary(C:\Program Files (x86)\Mozilla Firefox\firefox.exe) on port 7055; process output follows: 
rue,"size":3175,"sourceURI":null,"releaseNotesURI":null,"softDisabled":false,"foreignInstall":false,"hasBinaryComponents":false,"strictCompatibility":true,"locales":[],"targetApplications":[{"id":"{ec8030f7-c20a-464f-9b0e-13a3a9e97384}","minVersion":"39.0.3","maxVersion":"39.0.3"}],"targetPlatforms":[]}
1441015950167	addons.xpi	DEBUG	getModTime: Recursive scan of {972ce4c6-7e08-4474-a285-3208198ce6fd}
1441015950170	addons.xpi	DEBUG	New add-on wrc@avast.com installed in winreg-app-global
1441015950605	addons.xpi	WARN	Disabling foreign installed add-on wrc@avast.com in winreg-app-global
1441015950606	addons.xpi-utils	DEBUG	Make addon winreg-app-global:wrc@avast.com visible
1441015950606	DeferredSave.extensions.json	DEBUG	Save changes
1441015950606	DeferredSave.extensions.json	DEBUG	Save changes
1441015950607	addons.xpi	DEBUG	Updating XPIState for {"id":"wrc@avast.com","syncGUID":"kTRksgQWRBKh","location":"winreg-app-global","version":"10.2.0.187","type":"extension","internalName":null,"updateURL":"http://firefoxplugin.ff.avast.com/aos/updates.rdf?id=%ITEM_ID%&status=%ITEM_STATUS%&os=%APP_OS%","updateKey":"MIGfMA0GCSqGSIb3DQEBAQUAA4GNADCBiQKBgQDc6F6CPnst0FEpMpqBguj6WJgVaJXY+5FVWXPVZc2o/tv83KHmeMBjy9z8JCerdDVHCKGOHWRO8XWEpaxhdyfsek3wABigweRHlRFNHZxFhSzqJfIbkNVmfzKF2kPjoi881h0V4EqrnGjSIPjW7E5NPM0UH14hqauQaKH66lK5LQIDAQAB","optionsURL":null,"optionsType":null,"aboutURL":null,"iconURL":"chrome://wrc/content/common/skin/img/icon48.png","icon64URL":"chrome://wrc/content/common/skin/img/icon64.png","defaultLocale":{"name":"Avast Online Security","description":"Avast Browser Security and Web Reputation Plugin. Offering protection against known phishing and malware sites, improving your browsing overall browsing experience with crowd sourced web reputation rating.","creator":"AVAST Software","homepageURL":"http://www.avast.com/"},"visible":true,"active":false,"userDisabled":true,"appDisabled":false,"descriptor":"C:\\Program Files\\Alwil Software\\Avast5\\WebRep\\FF","installDate":1439215646248,"updateDate":1439215646248,"applyBackgroundUpdates":1,"bootstrap":false,"size":3538251,"sourceURI":null,"releaseNotesURI":null,"softDisabled":false,"foreignInstall":true,"hasBinaryComponents":false,"strictCompatibility":false,"locales":[],"targetApplications":[{"id":"{ec8030f7-c20a-464f-9b0e-13a3a9e97384}","minVersion":"3.0","maxVersion":"25.0"}],"targetPlatforms":[],"multiprocessCompatible":false}
1441015950608	addons.xpi	DEBUG	Updating database with changes to installed add-ons
1441015950608	addons.xpi-utils	DEBUG	Updating add-on states
1441015950609	addons.xpi-utils	DEBUG	Writing add-ons list
1441015950665	addons.xpi	DEBUG	Registering manifest for C:\Program Files (x86)\Mozilla Firefox\browser\extensions\{82AF8DCA-6DE9-405D-BD5E-43525BDAD38A}.xpi
1441015950667	addons.xpi	DEBUG	Calling bootstrap method startup on {82AF8DCA-6DE9-405D-BD5E-43525BDAD38A} version 7.3.16540.9015
1441015952570	addons.manager	DEBUG	Registering shutdown blocker for XPIProvider
1441015952570	addons.manager	DEBUG	Provider finished startup: XPIProvider
1441015952570	addons.manager	DEBUG	Starting provider: LightweightThemeManager
1441015952570	addons.manager	DEBUG	Registering shutdown blocker for LightweightThemeManager
1441015952571	addons.manager	DEBUG	Provider finished startup: LightweightThemeManager
1441015952571	addons.manager	DEBUG	Starting provider: GMPProvider
1441015952579	addons.manager	DEBUG	Registering shutdown blocker for GMPProvider
1441015952580	addons.manager	DEBUG	Provider finished startup: GMPProvider
1441015952580	addons.manager	DEBUG	Starting provider: PluginProvider
1441015952580	addons.manager	DEBUG	Registering shutdown blocker for PluginProvider
1441015952581	addons.manager	DEBUG	Provider finished startup: PluginProvider
1441015952581	addons.manager	DEBUG	Completed startup sequence
1441015966923	addons.manager	DEBUG	Starting provider: <unnamed-provider>
1441015966923	addons.manager	DEBUG	Registering shutdown blocker for <unnamed-provider>
1441015966925	addons.manager	DEBUG	Provider finished startup: <unnamed-provider>

Build info: version: '2.45.0', revision: '32a636c', time: '2015-03-05 22:01:35'
System info: host: 'chinnu-HP', ip: '192.168.137.201', os.name: 'Windows 7', os.arch: 'amd64', os.version: '6.1', java.version: '1.8.0_25'
Driver info: driver.version: FirefoxDriver
	at org.openqa.selenium.firefox.internal.NewProfileExtensionConnection.start(NewProfileExtensionConnection.java:134)
	at org.openqa.selenium.firefox.FirefoxDriver.startClient(FirefoxDriver.java:246)
	at org.openqa.selenium.remote.RemoteWebDriver.<init>(RemoteWebDriver.java:114)
	at org.openqa.selenium.firefox.FirefoxDriver.<init>(FirefoxDriver.java:193)
	at org.openqa.selenium.firefox.FirefoxDriver.<init>(FirefoxDriver.java:186)
	at org.openqa.selenium.firefox.FirefoxDriver.<init>(FirefoxDriver.java:182)
	at org.openqa.selenium.firefox.FirefoxDriver.<init>(FirefoxDriver.java:95)
	at com.suite.regression.Test1.openBrowser(Test1.java:19)
	at sun.reflect.NativeMethodAccessorImpl.invoke0(Native Method)
	at sun.reflect.NativeMethodAccessorImpl.invoke(Unknown Source)
	at sun.reflect.DelegatingMethodAccessorImpl.invoke(Unknown Source)
	at java.lang.reflect.Method.invoke(Unknown Source)
	at org.testng.internal.MethodInvocationHelper.invokeMethod(MethodInvocationHelper.java:84)
	at org.testng.internal.Invoker.invokeMethod(Invoker.java:714)
	at org.testng.internal.Invoker.invokeTestMethod(Invoker.java:901)
	at org.testng.internal.Invoker.invokeTestMethods(Invoker.java:1231)
	at org.testng.internal.TestMethodWorker.invokeTestMethods(TestMethodWorker.java:127)
	at org.testng.internal.TestMethodWorker.run(TestMethodWorker.java:111)
	at org.testng.TestRunner.privateRun(TestRunner.java:767)
	at org.testng.TestRunner.run(TestRunner.java:617)
	at org.testng.SuiteRunner.runTest(SuiteRunner.java:334)
	at org.testng.SuiteRunner.runSequentially(SuiteRunner.java:329)
	at org.testng.SuiteRunner.privateRun(SuiteRunner.java:291)
	at org.testng.SuiteRunner.run(SuiteRunner.java:240)
	at org.testng.SuiteRunnerWorker.runSuite(SuiteRunnerWorker.java:52)
	at org.testng.SuiteRunnerWorker.run(SuiteRunnerWorker.java:86)
	at org.testng.TestNG.runSuitesSequentially(TestNG.java:1224)
	at org.testng.TestNG.runSuitesLocally(TestNG.java:1149)
	at org.testng.TestNG.run(TestNG.java:1057)
	at org.testng.remote.RemoteTestNG.run(RemoteTestNG.java:111)
	at org.testng.remote.RemoteTestNG.initAndRun(RemoteTestNG.java:204)
	at org.testng.remote.RemoteTestNG.main(RemoteTestNG.java:175)
Caused by: org.openqa.selenium.WebDriverException: java.lang.InterruptedException: Process timed out after waiting for 45000 ms.
Build info: version: '2.45.0', revision: '32a636c', time: '2015-03-05 22:01:35'
System info: host: 'chinnu-HP', ip: '192.168.137.201', os.name: 'Windows 7', os.arch: 'amd64', os.version: '6.1', java.version: '1.8.0_25'
Driver info: driver.version: FirefoxDriver
	at org.openqa.selenium.os.CommandLine.waitFor(CommandLine.java:131)
	at org.openqa.selenium.firefox.FirefoxBinary.waitFor(FirefoxBinary.java:222)
	at org.openqa.selenium.firefox.FirefoxBinary.clean(FirefoxBinary.java:242)
	at org.openqa.selenium.firefox.internal.NewProfileExtensionConnection.start(NewProfileExtensionConnection.java:91)
	... 31 more
Caused by: java.lang.InterruptedException: Process timed out after waiting for 45000 ms.
	at org.openqa.selenium.os.UnixProcess.waitFor(UnixProcess.java:148)
	at org.openqa.selenium.os.CommandLine.waitFor(CommandLine.java:129)
	... 34 more
]]>
    </failure>
  </testcase> <!-- openBrowser -->
</testsuite> <!-- com.suite.regression.Test1 -->
