<?xml version="1.0" encoding="UTF-8"?>
<!-- Generated by org.testng.reporters.JUnitReportReporter -->
<testsuite hostname="chinnu-HP" name="com.suite.regression.AppContent" tests="1" failures="0" timestamp="4 Aug 2015 09:28:22 GMT" time="52.443" errors="0">
  <testcase name="uploadFile" time="52.443" classname="com.suite.regression.AppContent"/>
</testsuite> <!-- com.suite.regression.AppContent -->
