<?xml version="1.0" encoding="UTF-8"?>
<!-- Generated by org.testng.reporters.JUnitReportReporter -->
<testsuite hostname="chinnu-HP" name="com.suite.smoke.UserGroup" tests="4" failures="0" timestamp="19 Jul 2015 14:33:47 GMT" time="53.204" errors="0">
  <testcase name="createUserGroupAddingUser" time="10.725" classname="com.suite.smoke.UserGroup"/>
  <testcase name="createEmptyUserGroup" time="19.079" classname="com.suite.smoke.UserGroup"/>
  <testcase name="deleteAllUserGroup" time="8.159" classname="com.suite.smoke.UserGroup"/>
  <testcase name="deleteUserGroup" time="15.241" classname="com.suite.smoke.UserGroup"/>
</testsuite> <!-- com.suite.smoke.UserGroup -->
